<?xml version="1.0" encoding="UTF-8"?>
<robot generator="Robot 4.1.3 (Python 3.10.1 on win32)" generated="20220104 07:04:31.199" rpa="false" schemaversion="2">
<suite id="s1" name="Tests" source="C:\projetoRobot\SuiteSiteTeste\tests">
<suite id="s1-s1" name="TestFeature" source="C:\projetoRobot\SuiteSiteTeste\tests\TestFeature">
<suite id="s1-s1-s1" name="testacceFeature" source="C:\projetoRobot\SuiteSiteTeste\tests\TestFeature\testacceFeature.robot">
<test id="s1-s1-s1-t1" name="Cenario: validar site">
<kw name="Abrir o navegador" library="testAcceSteps" type="SETUP">
<kw name="Open Browser" library="SeleniumLibrary">
<arg>${URL}</arg>
<arg>${BROWSER}</arg>
<doc>Opens a new browser instance to the optional ``url``.</doc>
<msg timestamp="20220104 07:04:31.908" level="INFO">Opening browser 'Chrome' to base url 'http://sampleapp.tricentis.com/101/app.php'.</msg>
<status status="PASS" starttime="20220104 07:04:31.907" endtime="20220104 07:04:39.838"/>
</kw>
<kw name="Maximize Browser Window" library="SeleniumLibrary">
<doc>Maximizes current browser window.</doc>
<status status="PASS" starttime="20220104 07:04:39.838" endtime="20220104 07:04:39.981"/>
</kw>
<kw name="Open Context Menu" library="SeleniumLibrary">
<arg>http://sampleapp.tricentis.com/101/app.php</arg>
<doc>Opens the context menu on the element identified by ``locator``.</doc>
<kw name="Capture Page Screenshot" library="SeleniumLibrary">
<doc>Takes a screenshot of the current page and embeds it into a log file.</doc>
<msg timestamp="20220104 07:04:40.161" level="INFO" html="true">&lt;/td&gt;&lt;/tr&gt;&lt;tr&gt;&lt;td colspan="3"&gt;&lt;a href="selenium-screenshot-3.png"&gt;&lt;img src="selenium-screenshot-3.png" width="800px"&gt;&lt;/a&gt;</msg>
<status status="PASS" starttime="20220104 07:04:40.003" endtime="20220104 07:04:40.161"/>
</kw>
<msg timestamp="20220104 07:04:40.433" level="FAIL">Element with locator 'http://sampleapp.tricentis.com/101/app.php' not found.</msg>
<status status="FAIL" starttime="20220104 07:04:39.982" endtime="20220104 07:04:40.433"/>
</kw>
<status status="FAIL" starttime="20220104 07:04:31.906" endtime="20220104 07:04:40.434"/>
</kw>
<kw name="Close Browser" library="SeleniumLibrary" type="TEARDOWN">
<doc>Closes the current browser.</doc>
<status status="PASS" starttime="20220104 07:04:40.437" endtime="20220104 07:04:44.717"/>
</kw>
<tag>test</tag>
<status status="FAIL" starttime="20220104 07:04:31.895" endtime="20220104 07:04:44.718">Setup failed:
Element with locator 'http://sampleapp.tricentis.com/101/app.php' not found.</status>
</test>
<status status="FAIL" starttime="20220104 07:04:31.292" endtime="20220104 07:04:44.721"/>
</suite>
<status status="FAIL" starttime="20220104 07:04:31.275" endtime="20220104 07:04:44.724"/>
</suite>
<status status="FAIL" starttime="20220104 07:04:31.202" endtime="20220104 07:04:44.727"/>
</suite>
<statistics>
<total>
<stat pass="0" fail="1" skip="0">All Tests</stat>
</total>
<tag>
<stat pass="0" fail="1" skip="0">test</stat>
</tag>
<suite>
<stat pass="0" fail="1" skip="0" id="s1" name="Tests">Tests</stat>
<stat pass="0" fail="1" skip="0" id="s1-s1" name="TestFeature">Tests.TestFeature</stat>
<stat pass="0" fail="1" skip="0" id="s1-s1-s1" name="testacceFeature">Tests.TestFeature.testacceFeature</stat>
</suite>
</statistics>
<errors>
</errors>
</robot>
